<?xml version="1.0" encoding="UTF-8"?>
<!-- Generated by org.testng.reporters.JUnitXMLReporter -->
<testsuite ignored="0" hostname="Karuna-Temp85" failures="0" tests="2" name="firefox" time="0.131" errors="0" timestamp="30 Jun 2023 05:19:49 GMT">
  <testcase classname="com.qa.servicemanagementproject.Base" name="@BeforeMethod intializeBrowser" time="0.03">
    <failure type="java.lang.IllegalStateException" message="The driver executable must exist: C:\Users\aser\git\Project_ServiceManagement\Project_ServiceManagement\.\geckodriver.exe">
      <![CDATA[java.lang.IllegalStateException: The driver executable must exist: C:\Users\aser\git\Project_ServiceManagement\Project_ServiceManagement\.\geckodriver.exe
at org.openqa.selenium.internal.Require$FileStateChecker.isFile(Require.java:342)
at org.openqa.selenium.remote.service.DriverService.checkExecutable(DriverService.java:147)
at org.openqa.selenium.remote.service.DriverService.findExecutable(DriverService.java:142)
at org.openqa.selenium.firefox.GeckoDriverService.access$100(GeckoDriverService.java:45)
at org.openqa.selenium.firefox.GeckoDriverService$Builder.findDefaultExecutable(GeckoDriverService.java:181)
at org.openqa.selenium.remote.service.DriverService$Builder.build(DriverService.java:437)
at org.openqa.selenium.firefox.GeckoDriverService.createDefaultService(GeckoDriverService.java:94)
at org.openqa.selenium.firefox.FirefoxDriver.<init>(FirefoxDriver.java:98)
at org.openqa.selenium.firefox.FirefoxDriver.<init>(FirefoxDriver.java:94)
at com.qa.servicemanagementproject.Base.intializeBrowser(Base.java:61)
... Removed 28 stack frames]]>
    </failure>
  </testcase> <!-- @BeforeMethod intializeBrowser -->
  <testcase classname="com.qa.servicemanagementproject.Base" name="@AfterMethod browserQuit" time="0.0">
    <skipped/>
  </testcase> <!-- @AfterMethod browserQuit -->
  <testcase classname="com.qa.servicemanagementproject.Base" name="@BeforeMethod intializeBrowser" time="0.022">
    <failure type="java.lang.IllegalStateException" message="The driver executable must exist: C:\Users\aser\git\Project_ServiceManagement\Project_ServiceManagement\.\geckodriver.exe">
      <![CDATA[java.lang.IllegalStateException: The driver executable must exist: C:\Users\aser\git\Project_ServiceManagement\Project_ServiceManagement\.\geckodriver.exe
at org.openqa.selenium.internal.Require$FileStateChecker.isFile(Require.java:342)
at org.openqa.selenium.remote.service.DriverService.checkExecutable(DriverService.java:147)
at org.openqa.selenium.remote.service.DriverService.findExecutable(DriverService.java:142)
at org.openqa.selenium.firefox.GeckoDriverService.access$100(GeckoDriverService.java:45)
at org.openqa.selenium.firefox.GeckoDriverService$Builder.findDefaultExecutable(GeckoDriverService.java:181)
at org.openqa.selenium.remote.service.DriverService$Builder.build(DriverService.java:437)
at org.openqa.selenium.firefox.GeckoDriverService.createDefaultService(GeckoDriverService.java:94)
at org.openqa.selenium.firefox.FirefoxDriver.<init>(FirefoxDriver.java:98)
at org.openqa.selenium.firefox.FirefoxDriver.<init>(FirefoxDriver.java:94)
at com.qa.servicemanagementproject.Base.intializeBrowser(Base.java:61)
... Removed 28 stack frames]]>
    </failure>
  </testcase> <!-- @BeforeMethod intializeBrowser -->
  <testcase classname="com.qa.servicemanagementproject.Base" name="@AfterMethod browserQuit" time="0.0">
    <skipped/>
  </testcase> <!-- @AfterMethod browserQuit -->
  <testcase classname="com.qa.testscripts.LoginTest" name="verifyLoginCredentials" time="0.0">
    <skipped/>
  </testcase> <!-- verifyLoginCredentials -->
  <testcase classname="com.qa.testscripts.LoginTest" name="verifyUserisAbletoLogout" time="0.0">
    <skipped/>
  </testcase> <!-- verifyUserisAbletoLogout -->
</testsuite> <!-- firefox -->
