<?xml version="1.0" encoding="UTF-8"?>
<!-- Generated by org.testng.reporters.JUnitXMLReporter -->
<testsuite ignored="0" hostname="Karuna-Temp85" failures="0" tests="15" name="Test" time="416.923" errors="0" timestamp="05 Jul 2023 14:23:20 GMT">
  <testcase classname="com.qa.testscripts.HomePageTest" name="verifyNavigateToAddClient" time="41.432"/>
  <testcase classname="com.qa.testscripts.HomePageTest" name="verifyNavigateToAddReparation" time="8.354"/>
  <testcase classname="com.qa.testscripts.HomePageTest" name="verifyNavigateToQuantityAlerts" time="9.255"/>
  <testcase classname="com.qa.testscripts.HomePageTest" name="verifyNavigateToSendEmail" time="12.323"/>
  <testcase classname="com.qa.testscripts.HomePageTest" name="verifyNavigateToSendSms" time="8.743"/>
  <testcase classname="com.qa.testscripts.AddReperationTest" name="verifyUserIsAbleToAddReperation" time="11.208"/>
  <testcase classname="com.qa.testscripts.AddClientTest" name="addClientDetailsWithoutClientName" time="10.478"/>
  <testcase classname="com.qa.testscripts.AddClientTest" name="verifyUserAbletoAddClientDetails" time="14.034"/>
  <testcase classname="com.qa.testscripts.ForgotPassWordTest" name="verifyUserIsAbleToChangePassword" time="4.655"/>
  <testcase classname="com.qa.testscripts.SendSmsTest" name="sendingSms" time="6.55"/>
  <testcase classname="com.qa.testscripts.SendEmailTest" name="verifyUserIsAbleToSendingEmail" time="6.895"/>
  <testcase classname="com.qa.testscripts.LoginTest" name="verifyLoginCredentials" time="5.75"/>
  <testcase classname="com.qa.testscripts.LoginTest" name="verifyUserisAbletoLogout" time="8.048"/>
  <testcase classname="com.qa.testscripts.QuantityAlertTest" name="checkNoOfData" time="8.932"/>
  <testcase classname="com.qa.testscripts.QuickEmailTest" name="verifyUserIsAbleToSendQuickEmail" time="8.479"/>
</testsuite> <!-- Test -->
