<?xml version="1.0" encoding="UTF-8"?>
<!-- Generated by org.testng.reporters.JUnitXMLReporter -->
<testsuite ignored="0" hostname="Karuna-Temp85" failures="0" tests="3" name="Test1" time="99.132" errors="0" timestamp="06 Jul 2023 10:40:17 GMT">
  <testcase classname="com.qa.testscripts.SendSmsTest" name="sendingSms" time="16.506"/>
  <testcase classname="com.qa.testscripts.AddClientTest" name="addClientDetailsWithoutClientName" time="15.89"/>
  <testcase classname="com.qa.testscripts.AddClientTest" name="verifyUserAbletoAddClientDetails" time="13.758"/>
</testsuite> <!-- Test1 -->
