<?xml version="1.0" encoding="UTF-8"?>
<!-- Generated by org.testng.reporters.JUnitXMLReporter -->
<testsuite ignored="0" hostname="Karuna-Temp85" failures="1" tests="1" name="Test" time="23.298" errors="0" timestamp="21 Jun 2023 10:51:15 GMT">
  <testcase classname="com.qa.testscripts.AddClientTest" name="addClientDetails" time="7.383">
    <failure type="java.lang.IllegalStateException" message="Cannot get a STRING value from a NUMERIC cell">
      <![CDATA[java.lang.IllegalStateException: Cannot get a STRING value from a NUMERIC cell
at org.apache.poi.xssf.usermodel.XSSFCell.typeMismatch(XSSFCell.java:1035)
at org.apache.poi.xssf.usermodel.XSSFCell.getRichStringCellValue(XSSFCell.java:390)
at org.apache.poi.xssf.usermodel.XSSFCell.getStringCellValue(XSSFCell.java:342)
at com.qa.utilities.ExcelUtility.getString(ExcelUtility.java:54)
at com.qa.pages.AddClient.addData(AddClient.java:39)
at com.qa.testscripts.AddClientTest.addClientDetails(AddClientTest.java:24)
... Removed 25 stack frames]]>
    </failure>
  </testcase> <!-- addClientDetails -->
</testsuite> <!-- Test -->
