<?xml version="1.0" encoding="UTF-8"?>
<!-- Generated by org.testng.reporters.JUnitXMLReporter -->
<testsuite ignored="0" hostname="Karuna-Temp85" failures="0" tests="5" name="MyTest" time="333.641" errors="0" timestamp="30 Jun 2023 11:08:38 GMT">
  <testcase classname="com.qa.testscripts.HomePageTest" name="quantityAlerts" time="16.822"/>
  <testcase classname="com.qa.testscripts.HomePageTest" name="verifyNavigateToAddClient" time="19.74"/>
  <testcase classname="com.qa.testscripts.HomePageTest" name="verifyNavigateToAddReparation" time="10.642"/>
  <testcase classname="com.qa.testscripts.HomePageTest" name="verifyNavigateToSendEmail" time="25.782"/>
  <testcase classname="com.qa.testscripts.HomePageTest" name="verifyNavigateToSendSms" time="20.708"/>
</testsuite> <!-- MyTest -->
