<?xml version="1.0" encoding="UTF-8"?>
<!-- Generated by org.testng.reporters.JUnitXMLReporter -->
<testsuite ignored="0" hostname="Karuna-Temp85" failures="1" tests="1" name="Test" time="98.139" errors="0" timestamp="02 Jul 2023 08:25:43 GMT">
  <testcase classname="com.qa.testscripts.AddReperationTest" name="verifyUserIsAbleToAddReperation" time="26.953">
    <failure type="org.openqa.selenium.support.ui.UnexpectedTagNameException" message="Element should have been &amp;quot;select&amp;quot; but was &amp;quot;span&amp;quot;
Build info: version: &amp;apos;4.4.0&amp;apos;, revision: &amp;apos;e5c75ed026a&amp;apos;
System info: host: &amp;apos;KARUNA-TEMP85&amp;apos;, ip: &amp;apos;192.168.98.88&amp;apos;, os.name: &amp;apos;Windows 10&amp;apos;, os.arch: &amp;apos;amd64&amp;apos;, os.version: &amp;apos;10.0&amp;apos;, java.version: &amp;apos;11.0.17&amp;apos;
Driver info: driver.version: unknown">
      <![CDATA[org.openqa.selenium.support.ui.UnexpectedTagNameException: Element should have been "select" but was "span"
Build info: version: '4.4.0', revision: 'e5c75ed026a'
System info: host: 'KARUNA-TEMP85', ip: '192.168.98.88', os.name: 'Windows 10', os.arch: 'amd64', os.version: '10.0', java.version: '11.0.17'
Driver info: driver.version: unknown
at org.openqa.selenium.support.ui.Select.<init>(Select.java:49)
at com.qa.utilities.PageUtility.selectDropdownbyText(PageUtility.java:37)
at com.qa.pages.AddReparation.selectAsignee(AddReparation.java:105)
at com.qa.testscripts.AddReperationTest.verifyUserIsAbleToAddReperation(AddReperationTest.java:30)
... Removed 29 stack frames]]>
    </failure>
  </testcase> <!-- verifyUserIsAbleToAddReperation -->
</testsuite> <!-- Test -->
