<?xml version="1.0" encoding="UTF-8"?>
<testng-results ignored="0" total="1" passed="1" failed="0" skipped="0">
  <reporter-output>
  </reporter-output>
  <suite started-at="2023-07-06T09:39:25Z" name="Suite" finished-at="2023-07-06T09:41:43Z" duration-ms="137635">
    <groups>
    </groups>
    <test started-at="2023-07-06T09:39:25Z" name="Test" finished-at="2023-07-06T09:41:43Z" duration-ms="137635">
      <class name="com.qa.testscripts.QuickSmsTest">
        <test-method is-config="true" signature="intializeBrowser(java.lang.String)[pri:0, instance:com.qa.testscripts.QuickSmsTest@53812a9b]" started-at="2023-07-06T09:39:25Z" name="intializeBrowser" finished-at="2023-07-06T09:40:57Z" duration-ms="92231" status="PASS">
          <params>
            <param index="0">
              <value>
                <![CDATA[chrome]]>
              </value>
            </param>
          </params>
          <reporter-output>
          </reporter-output>
        </test-method> <!-- intializeBrowser -->
        <test-method signature="verifyUserIsAbleToSendQuickSms()[pri:0, instance:com.qa.testscripts.QuickSmsTest@53812a9b]" started-at="2023-07-06T09:40:57Z" name="verifyUserIsAbleToSendQuickSms" finished-at="2023-07-06T09:41:38Z" duration-ms="40129" status="PASS">
          <reporter-output>
          </reporter-output>
        </test-method> <!-- verifyUserIsAbleToSendQuickSms -->
        <test-method is-config="true" signature="browserQuit(org.testng.ITestResult)[pri:0, instance:com.qa.testscripts.QuickSmsTest@53812a9b]" started-at="2023-07-06T09:41:38Z" name="browserQuit" finished-at="2023-07-06T09:41:43Z" duration-ms="5223" status="PASS">
          <params>
            <param index="0">
              <value>
                <![CDATA[[TestResult name=verifyUserIsAbleToSendQuickSms status=SUCCESS method=QuickSmsTest.verifyUserIsAbleToSendQuickSms()[pri:0, instance:com.qa.testscripts.QuickSmsTest@53812a9b] output={null}]]]>
              </value>
            </param>
          </params>
          <reporter-output>
          </reporter-output>
        </test-method> <!-- browserQuit -->
      </class> <!-- com.qa.testscripts.QuickSmsTest -->
    </test> <!-- Test -->
  </suite> <!-- Suite -->
</testng-results>
